-------------------------------------------------------------------------------
Test set: com.harris.productservice.ProductServiceApplicationTests
-------------------------------------------------------------------------------
Tests run: 1, Failures: 0, Errors: 1, Skipped: 0, Time elapsed: 1.522 s <<< FAILURE! - in com.harris.productservice.ProductServiceApplicationTests
com.harris.productservice.ProductServiceApplicationTests  Time elapsed: 1.52 s  <<< ERROR!
java.lang.IllegalStateException: Could not find a valid Docker environment. Please see logs and check configuration

